<?xml version="1.0" encoding="UTF-8"?>
<testng-results ignored="0" total="1" passed="1" failed="0" skipped="0">
  <reporter-output>
  </reporter-output>
  <suite started-at="2022-08-29T14:59:05 IST" name="Default suite" finished-at="2022-08-29T14:59:05 IST" duration-ms="240">
    <groups>
    </groups>
    <test started-at="2022-08-29T14:59:05 IST" name="Default test" finished-at="2022-08-29T14:59:05 IST" duration-ms="240">
      <class name="practice1.TyScriptTest">
        <test-method signature="asdfg_test1()[pri:0, instance:practice1.TyScriptTest@47d93e0d]" started-at="2022-08-29T14:59:05 IST" name="asdfg_test1" finished-at="2022-08-29T14:59:05 IST" duration-ms="37" status="PASS">
          <reporter-output>
          </reporter-output>
        </test-method> <!-- asdfg_test1 -->
      </class> <!-- practice1.TyScriptTest -->
    </test> <!-- Default test -->
  </suite> <!-- Default suite -->
</testng-results>
